<?xml version="1.0" encoding="UTF-8"?>
<!-- Generated by org.testng.reporters.JUnitXMLReporter -->
<testsuite hostname="Jobinz" name="Default test" tests="3" failures="0" timestamp="19 Jun 2016 18:51:28 GMT" time="41.802" errors="0">
  <testcase name="login" time="0.515" classname="com.utilities.BrowserFactory"/>
  <testcase name="login" time="1.977" classname="com.utilities.BrowserFactory"/>
  <testcase name="login" time="0.682" classname="com.utilities.BrowserFactory"/>
</testsuite> <!-- Default test -->
