<?xml version="1.0" encoding="UTF-8"?>
<testng-results skipped="0" failed="0" total="3" passed="3">
	<reporter-output>
	</reporter-output>
	<suite name="Default suite" duration-ms="41802" started-at="2016-06-19T18:50:46Z"
		finished-at="2016-06-19T18:51:28Z">
		<groups>
		</groups>
		<test name="Default test" duration-ms="41802" started-at="2016-06-19T18:50:46Z"
			finished-at="2016-06-19T18:51:28Z">
			<class name="com.utilities.BrowserFactory">
				<test-method status="PASS"
					signature="LoadURL()[pri:0, instance:com.utilities.BrowserFactory@675d3402]"
					name="LoadURL" is-config="true" duration-ms="12697" started-at="2016-06-19T19:50:46Z"
					finished-at="2016-06-19T19:50:59Z">
					<reporter-output>
					</reporter-output>
				</test-method> <!-- LoadURL -->
				<test-method status="PASS"
					signature="login(java.lang.String, java.lang.String)[pri:0, instance:com.utilities.BrowserFactory@675d3402]"
					name="login" duration-ms="515" started-at="2016-06-19T19:50:59Z"
					data-provider="data" finished-at="2016-06-19T19:50:59Z">
					<params>
						<param index="0">
							<value>
                <![CDATA[somenew]]>
							</value>
						</param>
						<param index="1">
							<value>
                <![CDATA[test123]]>
							</value>
						</param>
					</params>
					<reporter-output>
					</reporter-output>
				</test-method> <!-- login -->
				<test-method status="PASS"
					signature="browser_quit()[pri:0, instance:com.utilities.BrowserFactory@675d3402]"
					name="browser_quit" is-config="true" duration-ms="892"
					started-at="2016-06-19T19:50:59Z" finished-at="2016-06-19T19:51:00Z">
					<reporter-output>
					</reporter-output>
				</test-method> <!-- browser_quit -->
				<test-method status="PASS"
					signature="LoadURL()[pri:0, instance:com.utilities.BrowserFactory@675d3402]"
					name="LoadURL" is-config="true" duration-ms="11845" started-at="2016-06-19T19:51:00Z"
					finished-at="2016-06-19T19:51:12Z">
					<reporter-output>
					</reporter-output>
				</test-method> <!-- LoadURL -->
				<test-method status="PASS"
					signature="login(java.lang.String, java.lang.String)[pri:0, instance:com.utilities.BrowserFactory@675d3402]"
					name="login" duration-ms="1977" started-at="2016-06-19T19:51:12Z"
					data-provider="data" finished-at="2016-06-19T19:51:14Z">
					<params>
						<param index="0">
							<value>
                <![CDATA[netezed@gmail.com]]>
							</value>
						</param>
						<param index="1">
							<value>
                <![CDATA[Cambridge@123]]>
							</value>
						</param>
					</params>
					<reporter-output>
					</reporter-output>
				</test-method> <!-- login -->
				<test-method status="PASS"
					signature="browser_quit()[pri:0, instance:com.utilities.BrowserFactory@675d3402]"
					name="browser_quit" is-config="true" duration-ms="606"
					started-at="2016-06-19T19:51:14Z" finished-at="2016-06-19T19:51:14Z">
					<reporter-output>
					</reporter-output>
				</test-method> <!-- browser_quit -->
				<test-method status="PASS"
					signature="LoadURL()[pri:0, instance:com.utilities.BrowserFactory@675d3402]"
					name="LoadURL" is-config="true" duration-ms="11668" started-at="2016-06-19T19:51:14Z"
					finished-at="2016-06-19T19:51:26Z">
					<reporter-output>
					</reporter-output>
				</test-method> <!-- LoadURL -->
				<test-method status="PASS"
					signature="login(java.lang.String, java.lang.String)[pri:0, instance:com.utilities.BrowserFactory@675d3402]"
					name="login" duration-ms="682" started-at="2016-06-19T19:51:26Z"
					data-provider="data" finished-at="2016-06-19T19:51:27Z">
					<params>
						<param index="0">
							<value is-null="true" />
						</param>
						<param index="1">
							<value is-null="true" />
						</param>
					</params>
					<reporter-output>
					</reporter-output>
				</test-method> <!-- login -->
				<test-method status="PASS"
					signature="browser_quit()[pri:0, instance:com.utilities.BrowserFactory@675d3402]"
					name="browser_quit" is-config="true" duration-ms="892"
					started-at="2016-06-19T19:51:27Z" finished-at="2016-06-19T19:51:28Z">
					<reporter-output>
					</reporter-output>
				</test-method> <!-- browser_quit -->
			</class> <!-- com.utilities.BrowserFactory -->
		</test> <!-- Default test -->
	</suite> <!-- Default suite -->
</testng-results>
